<?xml version="1.0" encoding="UTF-8"?>
<testsuite xmlns:xsi="http://www.w3.org/2001/XMLSchema-instance" xsi:noNamespaceSchemaLocation="https://maven.apache.org/surefire/maven-surefire-plugin/xsd/surefire-test-report.xsd" name="com.RunnerClass.testRunner" time="83.695" tests="6" errors="0" skipped="0" failures="0">
  <properties>
[...]
</properties>
  <testcase name="get login user name" classname="HomePage" time="36.473"/>
  <testcase name="get free account details" classname="HomePage" time="15.988"/>
  <testcase name="get Broken Links" classname="HomePage" time="13.425"/>
  <testcase name="Validate connection for db" classname="Validate db" time="0.309"/>
  <testcase name="Check Username and password is valid and it should land into homepage" classname="Validate Login Page" time="11.91"/>
  <testcase name="getBrokenLinks" classname="Validate Login Page" time="2.801"/>
</testsuite>